Using pre-set license
Built from '2022.3/china_unity/release' branch; Version is '2022.3.17f1c1 (a01dafa986ec) revision 10493359'; Using compiler version '192829333'; Build Type 'Release'
OS: 'Windows 10  (10.0.19045) 64bit CoreCountrySpecific' Language: 'zh' Physical Memory: 14188 MB
BatchMode: 1, IsHumanControllingUs: 0, StartBugReporterOnCrash: 0, Is64bit: 1, IsPro: 1

COMMAND LINE ARGUMENTS:
D:\Unity\Unity\Editor\2022.3.17f1c1\Editor\Unity.exe
-adb2
-batchMode
-noUpm
-name
AssetImportWorker0
-projectPath
E:/UnityProjects/LimitAndLimitless
-logFile
Logs/AssetImportWorker0.log
-srvPort
5665
Successfully changed project path to: E:/UnityProjects/LimitAndLimitless
E:/UnityProjects/LimitAndLimitless
[UnityMemory] Configuration Parameters - Can be set up in boot.config
    "memorysetup-bucket-allocator-granularity=16"
    "memorysetup-bucket-allocator-bucket-count=8"
    "memorysetup-bucket-allocator-block-size=33554432"
    "memorysetup-bucket-allocator-block-count=8"
    "memorysetup-main-allocator-block-size=16777216"
    "memorysetup-thread-allocator-block-size=16777216"
    "memorysetup-gfx-main-allocator-block-size=16777216"
    "memorysetup-gfx-thread-allocator-block-size=16777216"
    "memorysetup-cache-allocator-block-size=4194304"
    "memorysetup-typetree-allocator-block-size=2097152"
    "memorysetup-profiler-bucket-allocator-granularity=16"
    "memorysetup-profiler-bucket-allocator-bucket-count=8"
    "memorysetup-profiler-bucket-allocator-block-size=33554432"
    "memorysetup-profiler-bucket-allocator-block-count=8"
    "memorysetup-profiler-allocator-block-size=16777216"
    "memorysetup-profiler-editor-allocator-block-size=1048576"
    "memorysetup-temp-allocator-size-main=16777216"
    "memorysetup-job-temp-allocator-block-size=2097152"
    "memorysetup-job-temp-allocator-block-size-background=1048576"
    "memorysetup-job-temp-allocator-reduction-small-platforms=262144"
    "memorysetup-allocator-temp-initial-block-size-main=262144"
    "memorysetup-allocator-temp-initial-block-size-worker=262144"
    "memorysetup-temp-allocator-size-background-worker=32768"
    "memorysetup-temp-allocator-size-job-worker=262144"
    "memorysetup-temp-allocator-size-preload-manager=33554432"
    "memorysetup-temp-allocator-size-nav-mesh-worker=65536"
    "memorysetup-temp-allocator-size-audio-worker=65536"
    "memorysetup-temp-allocator-size-cloud-worker=32768"
    "memorysetup-temp-allocator-size-gi-baking-worker=262144"
    "memorysetup-temp-allocator-size-gfx=262144"
Player connection [24616] Host "[IP] 172.16.6.213 [Port] 0 [Flags] 2 [Guid] 955648135 [EditorId] 955648135 [Version] 1048832 [Id] WindowsEditor(7,DESKTOP-5KHG27H) [Debug] 1 [PackageName] WindowsEditor [ProjectName] Editor" joined multi-casting on [225.0.0.222:54997]...

Player connection [24616] Host "[IP] 172.16.6.213 [Port] 0 [Flags] 2 [Guid] 955648135 [EditorId] 955648135 [Version] 1048832 [Id] WindowsEditor(7,DESKTOP-5KHG27H) [Debug] 1 [PackageName] WindowsEditor [ProjectName] Editor" joined alternative multi-casting on [225.0.0.222:34997]...

[Physics::Module] Initialized MultithreadedJobDispatcher with 11 workers.
Refreshing native plugins compatible for Editor in 36.37 ms, found 4 plugins.
Preloading 0 native plugins for Editor in 0.00 ms.
Initialize engine version: 2022.3.17f1c1 (a01dafa986ec)
[Subsystems] Discovering subsystems at path D:/Unity/Unity/Editor/2022.3.17f1c1/Editor/Data/Resources/UnitySubsystems
[Subsystems] Discovering subsystems at path E:/UnityProjects/LimitAndLimitless/Assets
GfxDevice: creating device client; threaded=0; jobified=0
Direct3D:
    Version:  Direct3D 11.0 [level 11.1]
    Renderer: NVIDIA GeForce RTX 3050 Laptop GPU (ID=0x25e2)
    Vendor:   NVIDIA
    VRAM:     3977 MB
    Driver:   31.0.15.2799
Initialize mono
Mono path[0] = 'D:/Unity/Unity/Editor/2022.3.17f1c1/Editor/Data/Managed'
Mono path[1] = 'D:/Unity/Unity/Editor/2022.3.17f1c1/Editor/Data/MonoBleedingEdge/lib/mono/unityjit-win32'
Mono config path = 'D:/Unity/Unity/Editor/2022.3.17f1c1/Editor/Data/MonoBleedingEdge/etc'
Using monoOptions --debugger-agent=transport=dt_socket,embedding=1,server=y,suspend=n,address=127.0.0.1:56200
Begin MonoManager ReloadAssembly
Registering precompiled unity dll's ...
Register platform support module: D:/Unity/Unity/Editor/2022.3.17f1c1/Editor/Data/PlaybackEngines/AndroidPlayer/UnityEditor.Android.Extensions.dll
Register platform support module: D:/Unity/Unity/Editor/2022.3.17f1c1/Editor/Data/PlaybackEngines/WindowsStandaloneSupport/UnityEditor.WindowsStandalone.Extensions.dll
Registered in 0.026953 seconds.
- Loaded All Assemblies, in  0.431 seconds
Native extension for WindowsStandalone target not found
Native extension for Android target not found
Android Extension - Scanning For ADB Devices 2327 ms
Mono: successfully reloaded assembly
- Finished resetting the current domain, in  2.663 seconds
Domain Reload Profiling: 3083ms
	BeginReloadAssembly (147ms)
		ExecutionOrderSort (0ms)
		DisableScriptedObjects (0ms)
		BackupInstance (0ms)
		ReleaseScriptingObjects (0ms)
		CreateAndSetChildDomain (1ms)
	RebuildCommonClasses (33ms)
	RebuildNativeTypeToScriptingClass (9ms)
	initialDomainReloadingComplete (99ms)
	LoadAllAssembliesAndSetupDomain (132ms)
		LoadAssemblies (138ms)
		RebuildTransferFunctionScriptingTraits (0ms)
		AnalyzeDomain (129ms)
			TypeCache.Refresh (127ms)
				TypeCache.ScanAssembly (116ms)
			ScanForSourceGeneratedMonoScriptInfo (0ms)
			ResolveRequiredComponents (0ms)
	FinalizeReload (2663ms)
		ReleaseScriptCaches (0ms)
		RebuildScriptCaches (0ms)
		SetupLoadedEditorAssemblies (2607ms)
			LogAssemblyErrors (0ms)
			InitializePlatformSupportModulesInManaged (2441ms)
			SetLoadedEditorAssemblies (4ms)
			RefreshPlugins (0ms)
			BeforeProcessingInitializeOnLoad (2ms)
			ProcessInitializeOnLoadAttributes (111ms)
			ProcessInitializeOnLoadMethodAttributes (49ms)
			AfterProcessingInitializeOnLoad (0ms)
			EditorAssembliesLoaded (0ms)
		ExecutionOrderSort2 (0ms)
		AwakeInstancesAfterBackupRestoration (0ms)
========================================================================
Worker process is ready to serve import requests
Begin MonoManager ReloadAssembly
- Loaded All Assemblies, in  0.805 seconds
Refreshing native plugins compatible for Editor in 10.80 ms, found 4 plugins.
Native extension for WindowsStandalone target not found
Native extension for Android target not found
Package Manager log level set to [2]
[Package Manager] Server::EnsureServerProcessIsRunning -- launch failed, reason: Unity was launched with the -noUpm command-line argument
[Package Manager] UpmClient::Send -- Unable to send message (not connected to UPM process).
[Package Manager] Cannot connect to Unity Package Manager local server
Mono: successfully reloaded assembly
- Finished resetting the current domain, in  0.875 seconds
Domain Reload Profiling: 1664ms
	BeginReloadAssembly (177ms)
		ExecutionOrderSort (0ms)
		DisableScriptedObjects (5ms)
		BackupInstance (0ms)
		ReleaseScriptingObjects (0ms)
		CreateAndSetChildDomain (22ms)
	RebuildCommonClasses (30ms)
	RebuildNativeTypeToScriptingClass (9ms)
	initialDomainReloadingComplete (65ms)
	LoadAllAssembliesAndSetupDomain (508ms)
		LoadAssemblies (454ms)
		RebuildTransferFunctionScriptingTraits (0ms)
		AnalyzeDomain (163ms)
			TypeCache.Refresh (139ms)
				TypeCache.ScanAssembly (124ms)
			ScanForSourceGeneratedMonoScriptInfo (19ms)
			ResolveRequiredComponents (4ms)
	FinalizeReload (875ms)
		ReleaseScriptCaches (0ms)
		RebuildScriptCaches (0ms)
		SetupLoadedEditorAssemblies (726ms)
			LogAssemblyErrors (0ms)
			InitializePlatformSupportModulesInManaged (38ms)
			SetLoadedEditorAssemblies (7ms)
			RefreshPlugins (0ms)
			BeforeProcessingInitializeOnLoad (117ms)
			ProcessInitializeOnLoadAttributes (491ms)
			ProcessInitializeOnLoadMethodAttributes (40ms)
			AfterProcessingInitializeOnLoad (33ms)
			EditorAssembliesLoaded (0ms)
		ExecutionOrderSort2 (0ms)
		AwakeInstancesAfterBackupRestoration (9ms)
Launched and connected shader compiler UnityShaderCompiler.exe after 0.05 seconds
Refreshing native plugins compatible for Editor in 10.86 ms, found 4 plugins.
Preloading 0 native plugins for Editor in 0.00 ms.
Unloading 4019 Unused Serialized files (Serialized files now loaded: 0)
Unloading 70 unused Assets / (244.1 KB). Loaded Objects now: 4477.
Memory consumption went from 150.1 MB to 149.9 MB.
Total: 3.643900 ms (FindLiveObjects: 0.278600 ms CreateObjectMapping: 0.217600 ms MarkObjects: 2.928400 ms  DeleteObjects: 0.218200 ms)

AssetImportParameters requested are different than current active one (requested -> active):
  custom:container-demuxer-ogg: 62fdf1f143b41e24485cea50d1cbac27 -> 
  custom:video-codec-MediaFoundation-h265: 746d11721c4dcdbdad8f713fa42b33f4 -> 
  custom:video-decoder-ogg-theora: a1e56fd34408186e4bbccfd4996cb3dc -> 
  custom:framework-win-MediaFoundation: 216162199b28c13a410421893ffa2e32 -> 
  custom:CustomObjectIndexerAttribute: 6d391050e5a25f67b0a2c618074f2cd9 -> 
  custom:container-demuxer-webm: 4f35f7cbe854078d1ac9338744f61a02 -> 
  custom:container-muxer-webm: aa71ff27fc2769a1b78a27578f13a17b -> 
  custom:video-decoder-webm-vp8: 9c59270c3fd7afecdb556c50c9e8de78 -> 
  custom:SearchIndexIgnoredProperties: e643bd26f0fe6173181afceb89e7c659 -> 
  custom:AudioImporter_EditorPlatform: d09bf68614088b80899f8185d706f6e7 -> 
  custom:video-encoder-webm-vp8: eb34c28f22e8b96e1ab97ce403110664 -> 
  custom:audio-decoder-ogg-vorbis: bf7c407c2cedff20999df2af8eb42d56 -> 
  custom:audio-encoder-webm-vorbis: bf7c407c2cedff20999df2af8eb42d56 -> 
========================================================================
Received Import Request.
  Time since last request: 103136.682311 seconds.
  path: Assets
  artifactKey: Guid(00000000000000001000000000000000) Importer(815301076,1909f56bfc062723c751e8b465ee728b)
Start importing Assets using Guid(00000000000000001000000000000000) Importer(815301076,1909f56bfc062723c751e8b465ee728b)  -> (artifact id: '8a4fe85251aa2e89732c359432baa2c3') in 0.001898 seconds
Number of updated asset objects reloaded before import = 0
Number of asset objects unloaded after import = 0
========================================================================
Received Import Request.
  Time since last request: 1.038575 seconds.
  path: Assets/Prefabs
  artifactKey: Guid(f184103a024790645b4001733acef611) Importer(815301076,1909f56bfc062723c751e8b465ee728b)
Start importing Assets/Prefabs using Guid(f184103a024790645b4001733acef611) Importer(815301076,1909f56bfc062723c751e8b465ee728b)  -> (artifact id: '4a0b9ca60d543d463e7e08705816cb1a') in 0.000628 seconds
Number of updated asset objects reloaded before import = 0
Number of asset objects unloaded after import = 0
========================================================================
Received Import Request.
  Time since last request: 6.326383 seconds.
  path: Assets/Prefabs/Player
  artifactKey: Guid(9fb59b2cbf121e842becbdee1914812f) Importer(815301076,1909f56bfc062723c751e8b465ee728b)
Start importing Assets/Prefabs/Player using Guid(9fb59b2cbf121e842becbdee1914812f) Importer(815301076,1909f56bfc062723c751e8b465ee728b)  -> (artifact id: 'e68ef24e03b08a3da9e142069148cd03') in 0.000582 seconds
Number of updated asset objects reloaded before import = 0
Number of asset objects unloaded after import = 0
========================================================================
Received Import Request.
  Time since last request: 32.634945 seconds.
  path: Assets/Prefabs/Player/Player.prefab
  artifactKey: Guid(36cac9e43fc818b4396e70eef60431dd) Importer(815301076,1909f56bfc062723c751e8b465ee728b)
Start importing Assets/Prefabs/Player/Player.prefab using Guid(36cac9e43fc818b4396e70eef60431dd) Importer(815301076,1909f56bfc062723c751e8b465ee728b)  -> (artifact id: '41a3920217b624ab5b8affee44a85da2') in 0.021944 seconds
Number of updated asset objects reloaded before import = 0
Number of asset objects unloaded after import = 10
========================================================================
Received Prepare
Begin MonoManager ReloadAssembly
- Loaded All Assemblies, in  0.693 seconds
Refreshing native plugins compatible for Editor in 11.15 ms, found 4 plugins.
Native extension for WindowsStandalone target not found
Native extension for Android target not found
[Package Manager] Server::EnsureServerProcessIsRunning -- launch failed, reason: Unity was launched with the -noUpm command-line argument
[Package Manager] UpmClient::Send -- Unable to send message (not connected to UPM process).
[Package Manager] Cannot connect to Unity Package Manager local server
Mono: successfully reloaded assembly
- Finished resetting the current domain, in  2.197 seconds
Domain Reload Profiling: 2873ms
	BeginReloadAssembly (214ms)
		ExecutionOrderSort (0ms)
		DisableScriptedObjects (11ms)
		BackupInstance (0ms)
		ReleaseScriptingObjects (0ms)
		CreateAndSetChildDomain (39ms)
	RebuildCommonClasses (29ms)
	RebuildNativeTypeToScriptingClass (10ms)
	initialDomainReloadingComplete (58ms)
	LoadAllAssembliesAndSetupDomain (365ms)
		LoadAssemblies (461ms)
		RebuildTransferFunctionScriptingTraits (0ms)
		AnalyzeDomain (24ms)
			TypeCache.Refresh (8ms)
				TypeCache.ScanAssembly (0ms)
			ScanForSourceGeneratedMonoScriptInfo (10ms)
			ResolveRequiredComponents (5ms)
	FinalizeReload (2197ms)
		ReleaseScriptCaches (0ms)
		RebuildScriptCaches (0ms)
		SetupLoadedEditorAssemblies (691ms)
			LogAssemblyErrors (0ms)
			InitializePlatformSupportModulesInManaged (41ms)
			SetLoadedEditorAssemblies (4ms)
			RefreshPlugins (0ms)
			BeforeProcessingInitializeOnLoad (123ms)
			ProcessInitializeOnLoadAttributes (461ms)
			ProcessInitializeOnLoadMethodAttributes (30ms)
			AfterProcessingInitializeOnLoad (32ms)
			EditorAssembliesLoaded (0ms)
		ExecutionOrderSort2 (0ms)
		AwakeInstancesAfterBackupRestoration (18ms)
Refreshing native plugins compatible for Editor in 10.75 ms, found 4 plugins.
Preloading 0 native plugins for Editor in 0.00 ms.
Unloading 4018 Unused Serialized files (Serialized files now loaded: 0)
Unloading 43 unused Assets / (247.0 KB). Loaded Objects now: 4488.
Memory consumption went from 150.1 MB to 149.9 MB.
Total: 3.882600 ms (FindLiveObjects: 0.297300 ms CreateObjectMapping: 0.252200 ms MarkObjects: 3.131800 ms  DeleteObjects: 0.200500 ms)

Prepare: number of updated asset objects reloaded= 0
AssetImportParameters requested are different than current active one (requested -> active):
  custom:container-demuxer-ogg: 62fdf1f143b41e24485cea50d1cbac27 -> 
  custom:video-codec-MediaFoundation-h265: 746d11721c4dcdbdad8f713fa42b33f4 -> 
  custom:video-decoder-ogg-theora: a1e56fd34408186e4bbccfd4996cb3dc -> 
  custom:framework-win-MediaFoundation: 216162199b28c13a410421893ffa2e32 -> 
  custom:CustomObjectIndexerAttribute: 6d391050e5a25f67b0a2c618074f2cd9 -> 
  custom:container-demuxer-webm: 4f35f7cbe854078d1ac9338744f61a02 -> 
  custom:container-muxer-webm: aa71ff27fc2769a1b78a27578f13a17b -> 
  custom:video-decoder-webm-vp8: 9c59270c3fd7afecdb556c50c9e8de78 -> 
  custom:SearchIndexIgnoredProperties: e643bd26f0fe6173181afceb89e7c659 -> 
  custom:AudioImporter_EditorPlatform: d09bf68614088b80899f8185d706f6e7 -> 
  custom:video-encoder-webm-vp8: eb34c28f22e8b96e1ab97ce403110664 -> 
  custom:audio-decoder-ogg-vorbis: bf7c407c2cedff20999df2af8eb42d56 -> 
  custom:audio-encoder-webm-vorbis: bf7c407c2cedff20999df2af8eb42d56 -> 
========================================================================
Received Import Request.
  Time since last request: 378.880563 seconds.
  path: Assets/Prefabs/Map_01.prefab
  artifactKey: Guid(5fa558a6729ace440a7eb20dd36aa568) Importer(815301076,1909f56bfc062723c751e8b465ee728b)
Start importing Assets/Prefabs/Map_01.prefab using Guid(5fa558a6729ace440a7eb20dd36aa568) Importer(815301076,1909f56bfc062723c751e8b465ee728b)  -> (artifact id: '3740f456c40d379641b0dff8b886392a') in 0.189300 seconds
Number of updated asset objects reloaded before import = 0
Number of asset objects unloaded after import = 76
========================================================================
Received Import Request.
  Time since last request: 3.273059 seconds.
  path: Assets/Picture
  artifactKey: Guid(90a2f42d641d3334fba3735f3e5e73e7) Importer(815301076,1909f56bfc062723c751e8b465ee728b)
Start importing Assets/Picture using Guid(90a2f42d641d3334fba3735f3e5e73e7) Importer(815301076,1909f56bfc062723c751e8b465ee728b)  -> (artifact id: 'af01036a42de379abc74523a7e277ddc') in 0.000763 seconds
Number of updated asset objects reloaded before import = 0
Number of asset objects unloaded after import = 0
========================================================================
Received Import Request.
  Time since last request: 0.038295 seconds.
  path: Assets/Picture/Player.png
  artifactKey: Guid(e69e5e52994e76b4b92736a8423d0bb3) Importer(815301076,1909f56bfc062723c751e8b465ee728b)
Start importing Assets/Picture/Player.png using Guid(e69e5e52994e76b4b92736a8423d0bb3) Importer(815301076,1909f56bfc062723c751e8b465ee728b)  -> (artifact id: '57bf25f5e51a44d7645225003a785e3b') in 0.032279 seconds
Number of updated asset objects reloaded before import = 0
Number of asset objects unloaded after import = 3
========================================================================
Received Prepare
Begin MonoManager ReloadAssembly
- Loaded All Assemblies, in  0.732 seconds
Refreshing native plugins compatible for Editor in 13.55 ms, found 4 plugins.
Native extension for WindowsStandalone target not found
Native extension for Android target not found
[Package Manager] Server::EnsureServerProcessIsRunning -- launch failed, reason: Unity was launched with the -noUpm command-line argument
[Package Manager] UpmClient::Send -- Unable to send message (not connected to UPM process).
[Package Manager] Cannot connect to Unity Package Manager local server
Mono: successfully reloaded assembly
- Finished resetting the current domain, in  1.982 seconds
Domain Reload Profiling: 2696ms
	BeginReloadAssembly (212ms)
		ExecutionOrderSort (0ms)
		DisableScriptedObjects (11ms)
		BackupInstance (0ms)
		ReleaseScriptingObjects (0ms)
		CreateAndSetChildDomain (38ms)
	RebuildCommonClasses (31ms)
	RebuildNativeTypeToScriptingClass (10ms)
	initialDomainReloadingComplete (59ms)
	LoadAllAssembliesAndSetupDomain (401ms)
		LoadAssemblies (509ms)
		RebuildTransferFunctionScriptingTraits (0ms)
		AnalyzeDomain (13ms)
			TypeCache.Refresh (6ms)
				TypeCache.ScanAssembly (0ms)
			ScanForSourceGeneratedMonoScriptInfo (0ms)
			ResolveRequiredComponents (5ms)
	FinalizeReload (1983ms)
		ReleaseScriptCaches (0ms)
		RebuildScriptCaches (0ms)
		SetupLoadedEditorAssemblies (802ms)
			LogAssemblyErrors (0ms)
			InitializePlatformSupportModulesInManaged (48ms)
			SetLoadedEditorAssemblies (5ms)
			RefreshPlugins (0ms)
			BeforeProcessingInitializeOnLoad (143ms)
			ProcessInitializeOnLoadAttributes (539ms)
			ProcessInitializeOnLoadMethodAttributes (35ms)
			AfterProcessingInitializeOnLoad (33ms)
			EditorAssembliesLoaded (0ms)
		ExecutionOrderSort2 (0ms)
		AwakeInstancesAfterBackupRestoration (20ms)
Refreshing native plugins compatible for Editor in 14.37 ms, found 4 plugins.
Preloading 0 native plugins for Editor in 0.00 ms.
Unloading 4019 Unused Serialized files (Serialized files now loaded: 0)
Unloading 42 unused Assets / (216.8 KB). Loaded Objects now: 4504.
Memory consumption went from 152.2 MB to 152.0 MB.
Total: 4.150800 ms (FindLiveObjects: 0.487400 ms CreateObjectMapping: 0.214800 ms MarkObjects: 3.215000 ms  DeleteObjects: 0.231800 ms)

Prepare: number of updated asset objects reloaded= 0
AssetImportParameters requested are different than current active one (requested -> active):
  custom:container-demuxer-ogg: 62fdf1f143b41e24485cea50d1cbac27 -> 
  custom:video-codec-MediaFoundation-h265: 746d11721c4dcdbdad8f713fa42b33f4 -> 
  custom:video-decoder-ogg-theora: a1e56fd34408186e4bbccfd4996cb3dc -> 
  custom:framework-win-MediaFoundation: 216162199b28c13a410421893ffa2e32 -> 
  custom:CustomObjectIndexerAttribute: 6d391050e5a25f67b0a2c618074f2cd9 -> 
  custom:container-demuxer-webm: 4f35f7cbe854078d1ac9338744f61a02 -> 
  custom:container-muxer-webm: aa71ff27fc2769a1b78a27578f13a17b -> 
  custom:video-decoder-webm-vp8: 9c59270c3fd7afecdb556c50c9e8de78 -> 
  custom:SearchIndexIgnoredProperties: e643bd26f0fe6173181afceb89e7c659 -> 
  custom:AudioImporter_EditorPlatform: d09bf68614088b80899f8185d706f6e7 -> 
  custom:video-encoder-webm-vp8: eb34c28f22e8b96e1ab97ce403110664 -> 
  custom:audio-decoder-ogg-vorbis: bf7c407c2cedff20999df2af8eb42d56 -> 
  custom:audio-encoder-webm-vorbis: bf7c407c2cedff20999df2af8eb42d56 -> 
========================================================================
Received Prepare
Begin MonoManager ReloadAssembly
- Loaded All Assemblies, in  0.711 seconds
Refreshing native plugins compatible for Editor in 13.05 ms, found 4 plugins.
Native extension for WindowsStandalone target not found
Native extension for Android target not found
[Package Manager] Server::EnsureServerProcessIsRunning -- launch failed, reason: Unity was launched with the -noUpm command-line argument
[Package Manager] UpmClient::Send -- Unable to send message (not connected to UPM process).
[Package Manager] Cannot connect to Unity Package Manager local server
Mono: successfully reloaded assembly
- Finished resetting the current domain, in  1.966 seconds
Domain Reload Profiling: 2657ms
	BeginReloadAssembly (211ms)
		ExecutionOrderSort (0ms)
		DisableScriptedObjects (11ms)
		BackupInstance (0ms)
		ReleaseScriptingObjects (0ms)
		CreateAndSetChildDomain (37ms)
	RebuildCommonClasses (29ms)
	RebuildNativeTypeToScriptingClass (9ms)
	initialDomainReloadingComplete (56ms)
	LoadAllAssembliesAndSetupDomain (384ms)
		LoadAssemblies (490ms)
		RebuildTransferFunctionScriptingTraits (0ms)
		AnalyzeDomain (13ms)
			TypeCache.Refresh (6ms)
				TypeCache.ScanAssembly (0ms)
			ScanForSourceGeneratedMonoScriptInfo (0ms)
			ResolveRequiredComponents (5ms)
	FinalizeReload (1966ms)
		ReleaseScriptCaches (0ms)
		RebuildScriptCaches (0ms)
		SetupLoadedEditorAssemblies (783ms)
			LogAssemblyErrors (0ms)
			InitializePlatformSupportModulesInManaged (45ms)
			SetLoadedEditorAssemblies (4ms)
			RefreshPlugins (0ms)
			BeforeProcessingInitializeOnLoad (146ms)
			ProcessInitializeOnLoadAttributes (514ms)
			ProcessInitializeOnLoadMethodAttributes (40ms)
			AfterProcessingInitializeOnLoad (33ms)
			EditorAssembliesLoaded (0ms)
		ExecutionOrderSort2 (0ms)
		AwakeInstancesAfterBackupRestoration (21ms)
Refreshing native plugins compatible for Editor in 12.31 ms, found 4 plugins.
Preloading 0 native plugins for Editor in 0.00 ms.
Unloading 4018 Unused Serialized files (Serialized files now loaded: 0)
Unloading 42 unused Assets / (217.2 KB). Loaded Objects now: 4508.
Memory consumption went from 154.2 MB to 153.9 MB.
Total: 4.184900 ms (FindLiveObjects: 0.336400 ms CreateObjectMapping: 0.149000 ms MarkObjects: 3.496200 ms  DeleteObjects: 0.201700 ms)

Prepare: number of updated asset objects reloaded= 0
AssetImportParameters requested are different than current active one (requested -> active):
  custom:container-demuxer-ogg: 62fdf1f143b41e24485cea50d1cbac27 -> 
  custom:video-codec-MediaFoundation-h265: 746d11721c4dcdbdad8f713fa42b33f4 -> 
  custom:video-decoder-ogg-theora: a1e56fd34408186e4bbccfd4996cb3dc -> 
  custom:framework-win-MediaFoundation: 216162199b28c13a410421893ffa2e32 -> 
  custom:CustomObjectIndexerAttribute: 6d391050e5a25f67b0a2c618074f2cd9 -> 
  custom:container-demuxer-webm: 4f35f7cbe854078d1ac9338744f61a02 -> 
  custom:container-muxer-webm: aa71ff27fc2769a1b78a27578f13a17b -> 
  custom:video-decoder-webm-vp8: 9c59270c3fd7afecdb556c50c9e8de78 -> 
  custom:SearchIndexIgnoredProperties: e643bd26f0fe6173181afceb89e7c659 -> 
  custom:AudioImporter_EditorPlatform: d09bf68614088b80899f8185d706f6e7 -> 
  custom:video-encoder-webm-vp8: eb34c28f22e8b96e1ab97ce403110664 -> 
  custom:audio-decoder-ogg-vorbis: bf7c407c2cedff20999df2af8eb42d56 -> 
  custom:audio-encoder-webm-vorbis: bf7c407c2cedff20999df2af8eb42d56 -> 
========================================================================
Received Import Request.
  Time since last request: 352.346104 seconds.
  path: Assets/Hierarchy_Color/Color Palette.asset
  artifactKey: Guid(eb8e33e6fbcf7c44d949afd1ff369962) Importer(2089858483,0ecaa5967403d082aa24f35e1b516d23)
Start importing Assets/Hierarchy_Color/Color Palette.asset using Guid(eb8e33e6fbcf7c44d949afd1ff369962) Importer(2089858483,0ecaa5967403d082aa24f35e1b516d23) Generated GUIDs only implemented for interfaces!
 -> (artifact id: '1bd9539af16ee8253b4e338055233e4f') in 0.094604 seconds
Number of updated asset objects reloaded before import = 0
Number of asset objects unloaded after import = 1
========================================================================
Received Import Request.
  Time since last request: 0.000021 seconds.
  path: Assets/48小时场景/48小时场景/木屋客厅/火炉.png
  artifactKey: Guid(bb923704a4b074a4ab6af06551a860a5) Importer(2089858483,0ecaa5967403d082aa24f35e1b516d23)
Start importing Assets/48小时场景/48小时场景/木屋客厅/火炉.png using Guid(bb923704a4b074a4ab6af06551a860a5) Importer(2089858483,0ecaa5967403d082aa24f35e1b516d23) Generated GUIDs only implemented for interfaces!
 -> (artifact id: 'bfd80b52ff33efff23cb5867eaf308fd') in 0.082378 seconds
Number of updated asset objects reloaded before import = 0
Number of asset objects unloaded after import = 3
========================================================================
Received Import Request.
  Time since last request: 0.000032 seconds.
  path: Assets/Picture/Map/One_Map/4522e511d6c27354eddc5c3a1fd5070.png
  artifactKey: Guid(2acc8911704e0024688b67c85296b006) Importer(2089858483,0ecaa5967403d082aa24f35e1b516d23)
Start importing Assets/Picture/Map/One_Map/4522e511d6c27354eddc5c3a1fd5070.png using Guid(2acc8911704e0024688b67c85296b006) Importer(2089858483,0ecaa5967403d082aa24f35e1b516d23) Generated GUIDs only implemented for interfaces!
 -> (artifact id: '65c1708634a085431b06297aafed5062') in 0.051897 seconds
Number of updated asset objects reloaded before import = 0
Number of asset objects unloaded after import = 3
========================================================================
Received Import Request.
  Time since last request: 0.000025 seconds.
  path: Assets/Picture/走路/2.png
  artifactKey: Guid(7904477c0d73b1f488e2fa46220fe2ea) Importer(2089858483,0ecaa5967403d082aa24f35e1b516d23)
Start importing Assets/Picture/走路/2.png using Guid(7904477c0d73b1f488e2fa46220fe2ea) Importer(2089858483,0ecaa5967403d082aa24f35e1b516d23) Generated GUIDs only implemented for interfaces!
 -> (artifact id: '0872e53654304949a9f5b904a5e18389') in 0.041047 seconds
Number of updated asset objects reloaded before import = 0
Number of asset objects unloaded after import = 3
========================================================================
Received Import Request.
  Time since last request: 0.000027 seconds.
  path: Assets/48小时场景/48小时场景/木屋卧室/地板.png
  artifactKey: Guid(6b86c292a30cf8e418872d8d7ff41e00) Importer(2089858483,0ecaa5967403d082aa24f35e1b516d23)
Start importing Assets/48小时场景/48小时场景/木屋卧室/地板.png using Guid(6b86c292a30cf8e418872d8d7ff41e00) Importer(2089858483,0ecaa5967403d082aa24f35e1b516d23) Generated GUIDs only implemented for interfaces!
 -> (artifact id: '6aef6b09f74178d7614c8048aa22cf06') in 0.037677 seconds
Number of updated asset objects reloaded before import = 0
Number of asset objects unloaded after import = 3
========================================================================
Received Import Request.
  Time since last request: 0.000017 seconds.
  path: Assets/48小时场景/48小时场景/初始场景/7cd428cee2d659e0fc2dfe69ede98f0.png
  artifactKey: Guid(7cbe38b3a7b977f478165c381e97d1c8) Importer(2089858483,0ecaa5967403d082aa24f35e1b516d23)
Start importing Assets/48小时场景/48小时场景/初始场景/7cd428cee2d659e0fc2dfe69ede98f0.png using Guid(7cbe38b3a7b977f478165c381e97d1c8) Importer(2089858483,0ecaa5967403d082aa24f35e1b516d23) Generated GUIDs only implemented for interfaces!
 -> (artifact id: 'c06b8405a126d3488a37612b122c1a8d') in 0.047856 seconds
Number of updated asset objects reloaded before import = 0
Number of asset objects unloaded after import = 3
========================================================================
Received Import Request.
  Time since last request: 0.000022 seconds.
  path: Assets/48小时场景/48小时场景/卧室/右墙.png
  artifactKey: Guid(d16c139f838122f4cab5412ca148401e) Importer(2089858483,0ecaa5967403d082aa24f35e1b516d23)
Start importing Assets/48小时场景/48小时场景/卧室/右墙.png using Guid(d16c139f838122f4cab5412ca148401e) Importer(2089858483,0ecaa5967403d082aa24f35e1b516d23) Generated GUIDs only implemented for interfaces!
 -> (artifact id: 'c773dfa4b6ae93fb63526b2f88a5af9b') in 0.040404 seconds
Number of updated asset objects reloaded before import = 0
Number of asset objects unloaded after import = 3
========================================================================
Received Import Request.
  Time since last request: 0.000024 seconds.
  path: Assets/Animation/animation/Idle.anim
  artifactKey: Guid(a6e8dba9e4172994f86acf93e395470b) Importer(2089858483,0ecaa5967403d082aa24f35e1b516d23)
Start importing Assets/Animation/animation/Idle.anim using Guid(a6e8dba9e4172994f86acf93e395470b) Importer(2089858483,0ecaa5967403d082aa24f35e1b516d23) Generated GUIDs only implemented for interfaces!
 -> (artifact id: 'bab30bf7ba12b2689cba1f1c60471e3e') in 0.011803 seconds
Number of updated asset objects reloaded before import = 0
Number of asset objects unloaded after import = 1
========================================================================
Received Import Request.
  Time since last request: 0.000027 seconds.
  path: Assets/48小时场景/48小时场景/木屋卧室/门.png
  artifactKey: Guid(c891d063d96497a4c982a71c07dd432a) Importer(2089858483,0ecaa5967403d082aa24f35e1b516d23)
Start importing Assets/48小时场景/48小时场景/木屋卧室/门.png using Guid(c891d063d96497a4c982a71c07dd432a) Importer(2089858483,0ecaa5967403d082aa24f35e1b516d23) Generated GUIDs only implemented for interfaces!
 -> (artifact id: '1f9d8743fdf7985286eedcd1bbcdb3da') in 0.042999 seconds
Number of updated asset objects reloaded before import = 0
Number of asset objects unloaded after import = 3
========================================================================
Received Import Request.
  Time since last request: 0.000015 seconds.
  path: Assets/48小时场景/48小时场景/木屋卧室/场景.png
  artifactKey: Guid(9eabf81fa1046ac4ba609904aceda61f) Importer(2089858483,0ecaa5967403d082aa24f35e1b516d23)
Start importing Assets/48小时场景/48小时场景/木屋卧室/场景.png using Guid(9eabf81fa1046ac4ba609904aceda61f) Importer(2089858483,0ecaa5967403d082aa24f35e1b516d23) Generated GUIDs only implemented for interfaces!
 -> (artifact id: '985c89a9a8ea1eb0fe99e5295e93d669') in 0.038713 seconds
Number of updated asset objects reloaded before import = 0
Number of asset objects unloaded after import = 3
========================================================================
Received Import Request.
  Time since last request: 0.000018 seconds.
  path: Assets/Picture/Map/OutLine.mat
  artifactKey: Guid(d07b711f7f7b74b459ba33a5959bb9a0) Importer(2089858483,0ecaa5967403d082aa24f35e1b516d23)
Start importing Assets/Picture/Map/OutLine.mat using Guid(d07b711f7f7b74b459ba33a5959bb9a0) Importer(2089858483,0ecaa5967403d082aa24f35e1b516d23) Generated GUIDs only implemented for interfaces!
 -> (artifact id: '9d30e2e5593e18f9c4dcee8d7f96f164') in 0.021403 seconds
Number of updated asset objects reloaded before import = 0
Number of asset objects unloaded after import = 1
========================================================================
Received Import Request.
  Time since last request: 0.000028 seconds.
  path: Assets/Picture/走路/6.png
  artifactKey: Guid(39e8395619afd0743be22fd7957e7a93) Importer(2089858483,0ecaa5967403d082aa24f35e1b516d23)
Start importing Assets/Picture/走路/6.png using Guid(39e8395619afd0743be22fd7957e7a93) Importer(2089858483,0ecaa5967403d082aa24f35e1b516d23) Generated GUIDs only implemented for interfaces!
 -> (artifact id: '90283acc177af46259d2f9ebc1a89957') in 0.037166 seconds
Number of updated asset objects reloaded before import = 0
Number of asset objects unloaded after import = 3
========================================================================
Received Import Request.
  Time since last request: 0.000018 seconds.
  path: Assets/48小时场景/48小时场景/木屋客厅/右门.png
  artifactKey: Guid(eb8477f5d1d03a64593445608c26f855) Importer(2089858483,0ecaa5967403d082aa24f35e1b516d23)
Start importing Assets/48小时场景/48小时场景/木屋客厅/右门.png using Guid(eb8477f5d1d03a64593445608c26f855) Importer(2089858483,0ecaa5967403d082aa24f35e1b516d23) Generated GUIDs only implemented for interfaces!
 -> (artifact id: 'a4001f2fa579664b1ec22755534d0bdb') in 0.037208 seconds
Number of updated asset objects reloaded before import = 0
Number of asset objects unloaded after import = 3
========================================================================
Received Import Request.
  Time since last request: 0.000023 seconds.
  path: Assets/48小时场景/48小时场景/初始场景/adf4f747dc62b84c744e15fb63611cd.png
  artifactKey: Guid(3440e02787f3d5a43b5b0dbc6e9f185f) Importer(2089858483,0ecaa5967403d082aa24f35e1b516d23)
Start importing Assets/48小时场景/48小时场景/初始场景/adf4f747dc62b84c744e15fb63611cd.png using Guid(3440e02787f3d5a43b5b0dbc6e9f185f) Importer(2089858483,0ecaa5967403d082aa24f35e1b516d23) Generated GUIDs only implemented for interfaces!
 -> (artifact id: 'dc742dc645696af6c68a7278b5f751c2') in 0.041956 seconds
Number of updated asset objects reloaded before import = 0
Number of asset objects unloaded after import = 3
========================================================================
Received Import Request.
  Time since last request: 0.000021 seconds.
  path: Assets/48小时场景/48小时场景/卧室/地板.png
  artifactKey: Guid(3b3d78e2a060f4f4ebc9bc235f4dc642) Importer(2089858483,0ecaa5967403d082aa24f35e1b516d23)
Start importing Assets/48小时场景/48小时场景/卧室/地板.png using Guid(3b3d78e2a060f4f4ebc9bc235f4dc642) Importer(2089858483,0ecaa5967403d082aa24f35e1b516d23) Generated GUIDs only implemented for interfaces!
 -> (artifact id: '4cb1e651069e80962462787b17596e37') in 0.040697 seconds
Number of updated asset objects reloaded before import = 0
Number of asset objects unloaded after import = 3
========================================================================
Received Import Request.
  Time since last request: 0.000026 seconds.
  path: Assets/Hierarchy_Color/M Studio/Design_Tittle_Color/Color Palette.asset
  artifactKey: Guid(24dd57bd1a499470d9667bdb59529a9b) Importer(2089858483,0ecaa5967403d082aa24f35e1b516d23)
Start importing Assets/Hierarchy_Color/M Studio/Design_Tittle_Color/Color Palette.asset using Guid(24dd57bd1a499470d9667bdb59529a9b) Importer(2089858483,0ecaa5967403d082aa24f35e1b516d23) Generated GUIDs only implemented for interfaces!
 -> (artifact id: 'a7771540fbc700443df137622dd0517b') in 0.006155 seconds
Number of updated asset objects reloaded before import = 0
Number of asset objects unloaded after import = 1
========================================================================
Received Import Request.
  Time since last request: 0.000018 seconds.
  path: Assets/Picture/Map/One_Map/654b2349c8ed8e3ab5a45f79f285989.png
  artifactKey: Guid(0627995859f7c7444a5e85cb75765af3) Importer(2089858483,0ecaa5967403d082aa24f35e1b516d23)
Start importing Assets/Picture/Map/One_Map/654b2349c8ed8e3ab5a45f79f285989.png using Guid(0627995859f7c7444a5e85cb75765af3) Importer(2089858483,0ecaa5967403d082aa24f35e1b516d23) Generated GUIDs only implemented for interfaces!
 -> (artifact id: 'e138cbfe16fa2fd5223bbb1adb423662') in 0.038405 seconds
Number of updated asset objects reloaded before import = 0
Number of asset objects unloaded after import = 3
========================================================================
Received Import Request.
  Time since last request: 0.000018 seconds.
  path: Assets/Picture/Map/One_Map/e78b7eb71bfa9167813c297a88dd940.png
  artifactKey: Guid(723de2dfb6e0d784a8159f3813097593) Importer(2089858483,0ecaa5967403d082aa24f35e1b516d23)
Start importing Assets/Picture/Map/One_Map/e78b7eb71bfa9167813c297a88dd940.png using Guid(723de2dfb6e0d784a8159f3813097593) Importer(2089858483,0ecaa5967403d082aa24f35e1b516d23) Generated GUIDs only implemented for interfaces!
 -> (artifact id: '87c2bf26a35e896ace005543353240cb') in 0.041805 seconds
Number of updated asset objects reloaded before import = 0
Number of asset objects unloaded after import = 3
========================================================================
Received Import Request.
  Time since last request: 0.000017 seconds.
  path: Assets/Animation/animation/Walk.anim
  artifactKey: Guid(ebc82e60ddfe0a94b80d0a11b96e3de5) Importer(2089858483,0ecaa5967403d082aa24f35e1b516d23)
Start importing Assets/Animation/animation/Walk.anim using Guid(ebc82e60ddfe0a94b80d0a11b96e3de5) Importer(2089858483,0ecaa5967403d082aa24f35e1b516d23) Generated GUIDs only implemented for interfaces!
 -> (artifact id: '9384d920a9b20f447eeab730e3d216a2') in 0.007860 seconds
Number of updated asset objects reloaded before import = 0
Number of asset objects unloaded after import = 1
========================================================================
Received Import Request.
  Time since last request: 0.000021 seconds.
  path: Assets/48小时场景/48小时场景/木屋客厅/沙发.png
  artifactKey: Guid(a51ecea0228f50b498fe1fba34a75357) Importer(2089858483,0ecaa5967403d082aa24f35e1b516d23)
Start importing Assets/48小时场景/48小时场景/木屋客厅/沙发.png using Guid(a51ecea0228f50b498fe1fba34a75357) Importer(2089858483,0ecaa5967403d082aa24f35e1b516d23) Generated GUIDs only implemented for interfaces!
 -> (artifact id: 'fe785b2870ec4406b5eb04177be65026') in 0.035681 seconds
Number of updated asset objects reloaded before import = 0
Number of asset objects unloaded after import = 3
========================================================================
Received Import Request.
  Time since last request: 0.000017 seconds.
  path: Assets/48小时场景/48小时场景/木屋客厅/餐桌.png
  artifactKey: Guid(528aafbd44489b846bed3fb15608dafa) Importer(2089858483,0ecaa5967403d082aa24f35e1b516d23)
Start importing Assets/48小时场景/48小时场景/木屋客厅/餐桌.png using Guid(528aafbd44489b846bed3fb15608dafa) Importer(2089858483,0ecaa5967403d082aa24f35e1b516d23) Generated GUIDs only implemented for interfaces!
 -> (artifact id: 'de2ef05d3c696f0796da1fa86b70f261') in 0.037405 seconds
Number of updated asset objects reloaded before import = 0
Number of asset objects unloaded after import = 3
========================================================================
Received Import Request.
  Time since last request: 0.000016 seconds.
  path: Assets/48小时场景/48小时场景/初始场景/654b2349c8ed8e3ab5a45f79f285989.png
  artifactKey: Guid(839f576d8f14b6a4a8faca3dec9cbc83) Importer(2089858483,0ecaa5967403d082aa24f35e1b516d23)
Start importing Assets/48小时场景/48小时场景/初始场景/654b2349c8ed8e3ab5a45f79f285989.png using Guid(839f576d8f14b6a4a8faca3dec9cbc83) Importer(2089858483,0ecaa5967403d082aa24f35e1b516d23) Generated GUIDs only implemented for interfaces!
 -> (artifact id: '73f351fce2eae1585fe6960279771b07') in 0.039656 seconds
Number of updated asset objects reloaded before import = 0
Number of asset objects unloaded after import = 3
========================================================================
Received Import Request.
  Time since last request: 0.000019 seconds.
  path: Assets/48小时场景/48小时场景/初始场景/4522e511d6c27354eddc5c3a1fd5070.png
  artifactKey: Guid(4edb1054fb0bc1b45b99dba062fd0630) Importer(2089858483,0ecaa5967403d082aa24f35e1b516d23)
Start importing Assets/48小时场景/48小时场景/初始场景/4522e511d6c27354eddc5c3a1fd5070.png using Guid(4edb1054fb0bc1b45b99dba062fd0630) Importer(2089858483,0ecaa5967403d082aa24f35e1b516d23) Generated GUIDs only implemented for interfaces!
 -> (artifact id: 'ddb1264992481ca0eb234775375645d3') in 0.041967 seconds
Number of updated asset objects reloaded before import = 0
Number of asset objects unloaded after import = 3
========================================================================
Received Import Request.
  Time since last request: 0.000031 seconds.
  path: Assets/48小时场景/48小时场景/初始场景/b43ae252b27161ea31b29994a4d5e9c.png
  artifactKey: Guid(f46996e65f41b39419839f354703f547) Importer(2089858483,0ecaa5967403d082aa24f35e1b516d23)
Start importing Assets/48小时场景/48小时场景/初始场景/b43ae252b27161ea31b29994a4d5e9c.png using Guid(f46996e65f41b39419839f354703f547) Importer(2089858483,0ecaa5967403d082aa24f35e1b516d23) Generated GUIDs only implemented for interfaces!
 -> (artifact id: 'ddcb6c718d913e25be8b7aa293e176cd') in 0.041149 seconds
Number of updated asset objects reloaded before import = 0
Number of asset objects unloaded after import = 3
========================================================================
Received Import Request.
  Time since last request: 0.000017 seconds.
  path: Assets/48小时场景/48小时场景/初始场景/a00d30bef9be7f5225123850a2eaff0.png
  artifactKey: Guid(156882026b462dc46a1528eaa16b9b8e) Importer(2089858483,0ecaa5967403d082aa24f35e1b516d23)
Start importing Assets/48小时场景/48小时场景/初始场景/a00d30bef9be7f5225123850a2eaff0.png using Guid(156882026b462dc46a1528eaa16b9b8e) Importer(2089858483,0ecaa5967403d082aa24f35e1b516d23) Generated GUIDs only implemented for interfaces!
 -> (artifact id: '452dbfb6a0a47c7bf99038b4f698c61d') in 0.045308 seconds
Number of updated asset objects reloaded before import = 0
Number of asset objects unloaded after import = 3
========================================================================
Received Import Request.
  Time since last request: 0.000023 seconds.
  path: Assets/Picture/Map/One_Map/d359a6bcfa010a046f5b8cd9c0ec4db.png
  artifactKey: Guid(ae51fb4a5e847e44e934f21a082d191e) Importer(2089858483,0ecaa5967403d082aa24f35e1b516d23)
Start importing Assets/Picture/Map/One_Map/d359a6bcfa010a046f5b8cd9c0ec4db.png using Guid(ae51fb4a5e847e44e934f21a082d191e) Importer(2089858483,0ecaa5967403d082aa24f35e1b516d23) Generated GUIDs only implemented for interfaces!
 -> (artifact id: '685aac7e318e6999f12eaf0277f09629') in 0.050133 seconds
Number of updated asset objects reloaded before import = 0
Number of asset objects unloaded after import = 3
========================================================================
Received Import Request.
  Time since last request: 0.000022 seconds.
  path: Assets/48小时场景/48小时场景/木屋卧室/植物.png
  artifactKey: Guid(792a51fb59ba8ed4e94b1a828272ccfb) Importer(2089858483,0ecaa5967403d082aa24f35e1b516d23)
Start importing Assets/48小时场景/48小时场景/木屋卧室/植物.png using Guid(792a51fb59ba8ed4e94b1a828272ccfb) Importer(2089858483,0ecaa5967403d082aa24f35e1b516d23) Generated GUIDs only implemented for interfaces!
 -> (artifact id: '8e5e3707790c5b6f8a6d5dd662a77296') in 0.046246 seconds
Number of updated asset objects reloaded before import = 0
Number of asset objects unloaded after import = 3
========================================================================
Received Import Request.
  Time since last request: 0.000019 seconds.
  path: Assets/Prefabs/Player.prefab
  artifactKey: Guid(eb5074083fefeb648a36c8ac98ae8cd2) Importer(2089858483,0ecaa5967403d082aa24f35e1b516d23)
Start importing Assets/Prefabs/Player.prefab using Guid(eb5074083fefeb648a36c8ac98ae8cd2) Importer(2089858483,0ecaa5967403d082aa24f35e1b516d23) Generated GUIDs only implemented for interfaces!
 -> (artifact id: 'd965b67c271a3abeeac0c9d950404934') in 0.041407 seconds
Number of updated asset objects reloaded before import = 0
Number of asset objects unloaded after import = 20
========================================================================
Received Import Request.
  Time since last request: 0.000017 seconds.
  path: Assets/Scenes/SampleScene.unity
  artifactKey: Guid(2cda990e2423bbf4892e6590ba056729) Importer(2089858483,0ecaa5967403d082aa24f35e1b516d23)
Start importing Assets/Scenes/SampleScene.unity using Guid(2cda990e2423bbf4892e6590ba056729) Importer(2089858483,0ecaa5967403d082aa24f35e1b516d23) Generated GUIDs only implemented for interfaces!
 -> (artifact id: '3c866e67bd4633548e854f340bbcaac7') in 0.004502 seconds
Number of updated asset objects reloaded before import = 0
Number of asset objects unloaded after import = 1
========================================================================
Received Import Request.
  Time since last request: 0.000034 seconds.
  path: Assets/Hierarchy_Color/M Studio/Colourful Hierarchy Category GameObject/Scene/Colourful Scene.unity
  artifactKey: Guid(cc995fea1b50448458eea893a68592b5) Importer(2089858483,0ecaa5967403d082aa24f35e1b516d23)
Start importing Assets/Hierarchy_Color/M Studio/Colourful Hierarchy Category GameObject/Scene/Colourful Scene.unity using Guid(cc995fea1b50448458eea893a68592b5) Importer(2089858483,0ecaa5967403d082aa24f35e1b516d23) Generated GUIDs only implemented for interfaces!
 -> (artifact id: '943294d0ed4244f159064355055b4e1d') in 0.004956 seconds
Number of updated asset objects reloaded before import = 0
Number of asset objects unloaded after import = 1
========================================================================
Received Import Request.
  Time since last request: 0.000016 seconds.
  path: Assets/Picture/待机/1.png
  artifactKey: Guid(c93f0445420777a489840a95d3f30a6d) Importer(2089858483,0ecaa5967403d082aa24f35e1b516d23)
Start importing Assets/Picture/待机/1.png using Guid(c93f0445420777a489840a95d3f30a6d) Importer(2089858483,0ecaa5967403d082aa24f35e1b516d23) Generated GUIDs only implemented for interfaces!
 -> (artifact id: 'abbb89f125323598eadc6d739c986507') in 0.035456 seconds
Number of updated asset objects reloaded before import = 0
Number of asset objects unloaded after import = 3
========================================================================
Received Import Request.
  Time since last request: 0.000017 seconds.
  path: Assets/48小时场景/48小时场景/木屋客厅/门.png
  artifactKey: Guid(b7532a31ccd660b4da9053a67165851c) Importer(2089858483,0ecaa5967403d082aa24f35e1b516d23)
Start importing Assets/48小时场景/48小时场景/木屋客厅/门.png using Guid(b7532a31ccd660b4da9053a67165851c) Importer(2089858483,0ecaa5967403d082aa24f35e1b516d23) Generated GUIDs only implemented for interfaces!
 -> (artifact id: '69cf0c7ce1957ee741dedb48e4bec1bb') in 0.037925 seconds
Number of updated asset objects reloaded before import = 0
Number of asset objects unloaded after import = 3
========================================================================
Received Import Request.
  Time since last request: 0.000017 seconds.
  path: Assets/48小时场景/48小时场景/木屋客厅/日历.png
  artifactKey: Guid(5253bf303b55ee842978b640daf785dc) Importer(2089858483,0ecaa5967403d082aa24f35e1b516d23)
Start importing Assets/48小时场景/48小时场景/木屋客厅/日历.png using Guid(5253bf303b55ee842978b640daf785dc) Importer(2089858483,0ecaa5967403d082aa24f35e1b516d23) Generated GUIDs only implemented for interfaces!
 -> (artifact id: '4b9a74350b98d6f5b6416e9842780aed') in 0.040801 seconds
Number of updated asset objects reloaded before import = 0
Number of asset objects unloaded after import = 3
========================================================================
Received Import Request.
  Time since last request: 0.000017 seconds.
  path: Assets/48小时场景/48小时场景/初始场景/038e9bcb014a4065b0155a935574c00.png
  artifactKey: Guid(a47e8338c0dd61f42ad873b213a5028d) Importer(2089858483,0ecaa5967403d082aa24f35e1b516d23)
Start importing Assets/48小时场景/48小时场景/初始场景/038e9bcb014a4065b0155a935574c00.png using Guid(a47e8338c0dd61f42ad873b213a5028d) Importer(2089858483,0ecaa5967403d082aa24f35e1b516d23) Generated GUIDs only implemented for interfaces!
 -> (artifact id: '98be58d454daf4c54edd43928096082d') in 0.040885 seconds
Number of updated asset objects reloaded before import = 0
Number of asset objects unloaded after import = 3
========================================================================
Received Import Request.
  Time since last request: 0.000017 seconds.
  path: Assets/Picture/待机/2.png
  artifactKey: Guid(03321201fb778164e86008fe5a77dfff) Importer(2089858483,0ecaa5967403d082aa24f35e1b516d23)
Start importing Assets/Picture/待机/2.png using Guid(03321201fb778164e86008fe5a77dfff) Importer(2089858483,0ecaa5967403d082aa24f35e1b516d23) Generated GUIDs only implemented for interfaces!
 -> (artifact id: 'ddc6aff20842d36938db03d441617ddd') in 0.037182 seconds
Number of updated asset objects reloaded before import = 0
Number of asset objects unloaded after import = 3
========================================================================
Received Import Request.
  Time since last request: 0.000016 seconds.
  path: Assets/48小时场景/48小时场景/卧室/电脑.png
  artifactKey: Guid(954b1b2a0d61e3c4f806db581cc0ea6b) Importer(2089858483,0ecaa5967403d082aa24f35e1b516d23)
Start importing Assets/48小时场景/48小时场景/卧室/电脑.png using Guid(954b1b2a0d61e3c4f806db581cc0ea6b) Importer(2089858483,0ecaa5967403d082aa24f35e1b516d23) Generated GUIDs only implemented for interfaces!
 -> (artifact id: '8abcf750df179ca224384b433e32b930') in 0.039335 seconds
Number of updated asset objects reloaded before import = 0
Number of asset objects unloaded after import = 3
========================================================================
Received Import Request.
  Time since last request: 0.000018 seconds.
  path: Assets/48小时场景/48小时场景/木屋卧室/右墙.png
  artifactKey: Guid(671b4db2617282246ae2decf10836b79) Importer(2089858483,0ecaa5967403d082aa24f35e1b516d23)
Start importing Assets/48小时场景/48小时场景/木屋卧室/右墙.png using Guid(671b4db2617282246ae2decf10836b79) Importer(2089858483,0ecaa5967403d082aa24f35e1b516d23) Generated GUIDs only implemented for interfaces!
 -> (artifact id: '50913154d92be80e7426b6e78fff9445') in 0.042161 seconds
Number of updated asset objects reloaded before import = 0
Number of asset objects unloaded after import = 3
========================================================================
Received Import Request.
  Time since last request: 0.000028 seconds.
  path: Assets/Picture/Map/Sprite-Outline.shader
  artifactKey: Guid(84f46f57406be034ba923e8bde1b5ff5) Importer(2089858483,0ecaa5967403d082aa24f35e1b516d23)
Start importing Assets/Picture/Map/Sprite-Outline.shader using Guid(84f46f57406be034ba923e8bde1b5ff5) Importer(2089858483,0ecaa5967403d082aa24f35e1b516d23) Generated GUIDs only implemented for interfaces!
 -> (artifact id: '8bc0d05c8e1cf3ef2ebde17744c8f243') in 0.012851 seconds
Number of updated asset objects reloaded before import = 0
Number of asset objects unloaded after import = 1
========================================================================
Received Import Request.
  Time since last request: 0.000018 seconds.
  path: Assets/48小时场景/48小时场景/初始场景/e8c44c316a5357d329573a29fa4d575.png
  artifactKey: Guid(f531551bf902be54a80d1c7899c4fec9) Importer(2089858483,0ecaa5967403d082aa24f35e1b516d23)
Start importing Assets/48小时场景/48小时场景/初始场景/e8c44c316a5357d329573a29fa4d575.png using Guid(f531551bf902be54a80d1c7899c4fec9) Importer(2089858483,0ecaa5967403d082aa24f35e1b516d23) Generated GUIDs only implemented for interfaces!
 -> (artifact id: '70aebfaf39f4a513563c6c4080b23a73') in 0.050232 seconds
Number of updated asset objects reloaded before import = 0
Number of asset objects unloaded after import = 4
========================================================================
Received Import Request.
  Time since last request: 0.000017 seconds.
  path: Assets/Picture/Map/One_Map/e8c44c316a5357d329573a29fa4d575.png
  artifactKey: Guid(f8440a0539e47764a9629696ad10e9dd) Importer(2089858483,0ecaa5967403d082aa24f35e1b516d23)
Start importing Assets/Picture/Map/One_Map/e8c44c316a5357d329573a29fa4d575.png using Guid(f8440a0539e47764a9629696ad10e9dd) Importer(2089858483,0ecaa5967403d082aa24f35e1b516d23) Generated GUIDs only implemented for interfaces!
 -> (artifact id: '661258dfa3fa855d34dcaced7fe9a07f') in 0.044069 seconds
Number of updated asset objects reloaded before import = 0
Number of asset objects unloaded after import = 4
========================================================================
Received Import Request.
  Time since last request: 0.000015 seconds.
  path: Assets/Scripts/InputManager.cs
  artifactKey: Guid(24edd865acea31741b6995df2eb34e62) Importer(2089858483,0ecaa5967403d082aa24f35e1b516d23)
Start importing Assets/Scripts/InputManager.cs using Guid(24edd865acea31741b6995df2eb34e62) Importer(2089858483,0ecaa5967403d082aa24f35e1b516d23) Generated GUIDs only implemented for interfaces!
 -> (artifact id: 'fce9339a7fa5888a5d54151086d6abba') in 0.006978 seconds
Number of updated asset objects reloaded before import = 0
Number of asset objects unloaded after import = 1
========================================================================
Received Import Request.
  Time since last request: 0.000017 seconds.
  path: Assets/Picture/走路/0.png
  artifactKey: Guid(1269500314069474299fe2e135bd8107) Importer(2089858483,0ecaa5967403d082aa24f35e1b516d23)
Start importing Assets/Picture/走路/0.png using Guid(1269500314069474299fe2e135bd8107) Importer(2089858483,0ecaa5967403d082aa24f35e1b516d23) Generated GUIDs only implemented for interfaces!
 -> (artifact id: '92cc72f4b06260f54a50156f4c26db24') in 0.035264 seconds
Number of updated asset objects reloaded before import = 0
Number of asset objects unloaded after import = 3
========================================================================
Received Import Request.
  Time since last request: 0.000016 seconds.
  path: Assets/48小时场景/48小时场景/卧室/卧室.png
  artifactKey: Guid(46e8018c013a0a04dbf0c433714ce6db) Importer(2089858483,0ecaa5967403d082aa24f35e1b516d23)
Start importing Assets/48小时场景/48小时场景/卧室/卧室.png using Guid(46e8018c013a0a04dbf0c433714ce6db) Importer(2089858483,0ecaa5967403d082aa24f35e1b516d23) Generated GUIDs only implemented for interfaces!
 -> (artifact id: '2a2cdb2ffc6ebce3b4e34f0cbea66970') in 0.041266 seconds
Number of updated asset objects reloaded before import = 0
Number of asset objects unloaded after import = 3
========================================================================
Received Import Request.
  Time since last request: 0.000017 seconds.
  path: Assets/48小时场景/48小时场景/木屋客厅/场景.png
  artifactKey: Guid(ff47f0e39fc21804c9627fb07aac8dc3) Importer(2089858483,0ecaa5967403d082aa24f35e1b516d23)
Start importing Assets/48小时场景/48小时场景/木屋客厅/场景.png using Guid(ff47f0e39fc21804c9627fb07aac8dc3) Importer(2089858483,0ecaa5967403d082aa24f35e1b516d23) Generated GUIDs only implemented for interfaces!
 -> (artifact id: 'f532dce0cc629cd3d7be971f61ec0e11') in 0.039837 seconds
Number of updated asset objects reloaded before import = 0
Number of asset objects unloaded after import = 3
========================================================================
Received Import Request.
  Time since last request: 0.000022 seconds.
  path: Assets/Scripts/Player/Player.cs
  artifactKey: Guid(3e28d5e7a88a8a347bccbe1882b462ee) Importer(2089858483,0ecaa5967403d082aa24f35e1b516d23)
Start importing Assets/Scripts/Player/Player.cs using Guid(3e28d5e7a88a8a347bccbe1882b462ee) Importer(2089858483,0ecaa5967403d082aa24f35e1b516d23) Generated GUIDs only implemented for interfaces!
 -> (artifact id: '5ea1f5e7d8c52f5af79da90bc3714497') in 0.005580 seconds
Number of updated asset objects reloaded before import = 0
Number of asset objects unloaded after import = 1
========================================================================
Received Import Request.
  Time since last request: 0.000024 seconds.
  path: Assets/Hierarchy_Color/M Studio/Colourful Hierarchy Category GameObject/Editor/StyleHierarchy.cs
  artifactKey: Guid(920be19c110af4b12ab260c87a32416c) Importer(2089858483,0ecaa5967403d082aa24f35e1b516d23)
Start importing Assets/Hierarchy_Color/M Studio/Colourful Hierarchy Category GameObject/Editor/StyleHierarchy.cs using Guid(920be19c110af4b12ab260c87a32416c) Importer(2089858483,0ecaa5967403d082aa24f35e1b516d23) Generated GUIDs only implemented for interfaces!
 -> (artifact id: 'c8a2825a0ed4d8d65ffb92f797910c45') in 0.007589 seconds
Number of updated asset objects reloaded before import = 0
Number of asset objects unloaded after import = 1
Editor requested this worker to shutdown with reason: Scaling down because of idle timeout
TcpMessagingSession - receive error: operation aborted. errorcode: 995, details: ߳˳Ӧóֹ I/O 
AssetImportWorker is now disconnected from the server
Process exiting
Exiting without the bug reporter. Application will terminate with return code 0